2025-10-10 02:02:53,993 - INFO - ==================================================
2025-10-10 02:02:53,993 - INFO - IP信息收集器启动
2025-10-10 02:02:53,993 - INFO - 配置参数:
2025-10-10 02:02:53,993 - INFO -   输入目录: ./ips/{port}/
2025-10-10 02:02:53,993 - INFO -   输出目录: ./ip-info/{port}/
2025-10-10 02:02:53,993 - INFO -   批处理大小: 100
2025-10-10 02:02:53,993 - INFO -   最大重试次数: 3
2025-10-10 02:02:53,993 - INFO -   工作线程数: 5
2025-10-10 02:02:53,993 - INFO -   处理国家: HK, JP, KR, SG, US
2025-10-10 02:02:53,993 - INFO -   每个国家最大记录数: 10
2025-10-10 02:02:53,993 - INFO -   处理端口: 443
2025-10-10 02:02:53,993 - INFO -   IP检测启用: True
2025-10-10 02:02:53,994 - INFO -   检测方法: port
2025-10-10 02:02:53,994 - INFO -   检测端口: 443
2025-10-10 02:02:53,994 - INFO -   检测超时: 2.0秒
2025-10-10 02:02:53,994 - INFO -   检测线程数: 50
2025-10-10 02:02:53,994 - INFO - ==================================================
2025-10-10 02:02:53,994 - INFO - 开始处理端口 443
2025-10-10 02:02:53,994 - INFO - 扫描端口 443 目录: ./ips/443/
2025-10-10 02:02:53,994 - INFO - 从 ./ips/443/ID.txt 读取了 6 个IP
2025-10-10 02:02:53,994 - INFO - 从 ./ips/443/AU.txt 读取了 8 个IP
2025-10-10 02:02:53,994 - INFO - 从 ./ips/443/CH.txt 读取了 41 个IP
2025-10-10 02:02:53,994 - INFO - 从 ./ips/443/CA.txt 读取了 120 个IP
2025-10-10 02:02:53,995 - INFO - 从 ./ips/443/ES.txt 读取了 9 个IP
2025-10-10 02:02:53,995 - INFO - 从 ./ips/443/NL.txt 读取了 511 个IP
2025-10-10 02:02:53,995 - INFO - 从 ./ips/443/SE.txt 读取了 178 个IP
2025-10-10 02:02:53,995 - INFO - 从 ./ips/443/IN.txt 读取了 3 个IP
2025-10-10 02:02:53,995 - INFO - 从 ./ips/443/TH.txt 读取了 1 个IP
2025-10-10 02:02:53,995 - INFO - 从 ./ips/443/FR.txt 读取了 163 个IP
2025-10-10 02:02:53,995 - INFO - 从 ./ips/443/GB.txt 读取了 235 个IP
2025-10-10 02:02:53,995 - INFO - 从 ./ips/443/RS.txt 读取了 1 个IP
2025-10-10 02:02:53,996 - INFO - 从 ./ips/443/EE.txt 读取了 31 个IP
2025-10-10 02:02:53,996 - INFO - 从 ./ips/443/PL.txt 读取了 20 个IP
2025-10-10 02:02:53,996 - INFO - 从 ./ips/443/BE.txt 读取了 1 个IP
2025-10-10 02:02:53,996 - INFO - 从 ./ips/443/CZ.txt 读取了 2 个IP
2025-10-10 02:02:53,996 - INFO - 从 ./ips/443/BG.txt 读取了 6 个IP
2025-10-10 02:02:53,996 - INFO - 从 ./ips/443/LV.txt 读取了 8 个IP
2025-10-10 02:02:53,996 - INFO - 从 ./ips/443/FRU.txt 读取了 1 个IP
2025-10-10 02:02:53,996 - INFO - 从 ./ips/443/TR.txt 读取了 4 个IP
2025-10-10 02:02:53,997 - INFO - 从 ./ips/443/ALL.txt 读取了 3839 个IP
2025-10-10 02:02:53,997 - INFO - 从 ./ips/443/JP.txt 读取了 75 个IP
2025-10-10 02:02:53,997 - INFO - 从 ./ips/443/KR.txt 读取了 42 个IP
2025-10-10 02:02:53,997 - INFO - 从 ./ips/443/CL.txt 读取了 1 个IP
2025-10-10 02:02:53,998 - INFO - 从 ./ips/443/SG.txt 读取了 317 个IP
2025-10-10 02:02:53,998 - INFO - 从 ./ips/443/BR.txt 读取了 2 个IP
2025-10-10 02:02:53,998 - INFO - 从 ./ips/443/HK.txt 读取了 11 个IP
2025-10-10 02:02:53,998 - INFO - 从 ./ips/443/IL.txt 读取了 1 个IP
2025-10-10 02:02:53,998 - INFO - 从 ./ips/443/RU.txt 读取了 6 个IP
2025-10-10 02:02:53,998 - INFO - 从 ./ips/443/DE.txt 读取了 1405 个IP
2025-10-10 02:02:53,998 - INFO - 从 ./ips/443/IT.txt 读取了 14 个IP
2025-10-10 02:02:53,998 - INFO - 从 ./ips/443/MY.txt 读取了 3 个IP
2025-10-10 02:02:53,999 - INFO - 从 ./ips/443/US.txt 读取了 578 个IP
2025-10-10 02:02:53,999 - INFO - 从 ./ips/443/FI.txt 读取了 37 个IP
2025-10-10 02:02:53,999 - INFO - 收集到 7680 个IP地址，去重后: 3839
2025-10-10 02:02:54,185 - WARNING - API速率受限，等待 10 秒后重试...
2025-10-10 02:02:54,186 - WARNING - API速率受限，等待 10 秒后重试...
2025-10-10 02:02:54,187 - WARNING - API速率受限，等待 10 秒后重试...
2025-10-10 02:02:54,188 - WARNING - API速率受限，等待 10 秒后重试...
2025-10-10 02:02:54,208 - WARNING - API速率受限，等待 10 秒后重试...
2025-10-10 02:03:04,196 - WARNING - API速率受限，等待 20 秒后重试...
2025-10-10 02:03:04,199 - WARNING - API速率受限，等待 20 秒后重试...
2025-10-10 02:03:04,209 - WARNING - API速率受限，等待 20 秒后重试...
2025-10-10 02:03:04,214 - WARNING - API速率受限，等待 20 秒后重试...
2025-10-10 02:03:04,223 - WARNING - API速率受限，等待 20 秒后重试...
2025-10-10 02:03:24,230 - WARNING - API速率受限，等待 30 秒后重试...
2025-10-10 02:03:24,231 - WARNING - API速率受限，等待 30 秒后重试...
2025-10-10 02:03:24,233 - WARNING - API速率受限，等待 30 秒后重试...
2025-10-10 02:03:24,241 - WARNING - API速率受限，等待 30 秒后重试...
2025-10-10 02:03:24,257 - WARNING - API速率受限，等待 30 秒后重试...
2025-10-10 02:03:54,257 - ERROR - 经过 3 次重试后仍失败
2025-10-10 02:03:54,257 - ERROR - 经过 3 次重试后仍失败
2025-10-10 02:03:54,258 - ERROR - 经过 3 次重试后仍失败
2025-10-10 02:03:54,261 - ERROR - 经过 3 次重试后仍失败
2025-10-10 02:03:54,267 - WARNING - API速率受限，等待 10 秒后重试...
2025-10-10 02:03:54,267 - WARNING - API速率受限，等待 10 秒后重试...
2025-10-10 02:03:54,267 - WARNING - API速率受限，等待 10 秒后重试...
2025-10-10 02:03:54,287 - ERROR - 经过 3 次重试后仍失败
2025-10-10 02:03:54,301 - WARNING - API速率受限，等待 10 秒后重试...
2025-10-10 02:04:04,287 - WARNING - API速率受限，等待 20 秒后重试...
2025-10-10 02:04:04,293 - WARNING - API速率受限，等待 20 秒后重试...
2025-10-10 02:04:04,293 - WARNING - API速率受限，等待 20 秒后重试...
2025-10-10 02:04:04,318 - WARNING - API速率受限，等待 20 秒后重试...
2025-10-10 02:04:24,321 - WARNING - API速率受限，等待 30 秒后重试...
2025-10-10 02:04:24,324 - WARNING - API速率受限，等待 30 秒后重试...
2025-10-10 02:04:24,329 - WARNING - API速率受限，等待 30 秒后重试...
2025-10-10 02:04:24,339 - WARNING - API速率受限，等待 30 秒后重试...
2025-10-10 02:04:54,333 - ERROR - 经过 3 次重试后仍失败
2025-10-10 02:04:54,342 - ERROR - 经过 3 次重试后仍失败
2025-10-10 02:04:54,354 - ERROR - 经过 3 次重试后仍失败
2025-10-10 02:04:54,369 - ERROR - 经过 3 次重试后仍失败
2025-10-10 02:04:54,373 - INFO - 开始检测 2939 个IP的可用性 (方法: port)
2025-10-10 02:05:21,357 - INFO - 有效IP数量: 2378/2939
2025-10-10 02:05:21,360 - INFO - 保存 AL 的 6 个有效IP到 ./ip-info/443/AL.txt
2025-10-10 02:05:21,360 - INFO - 保存 AL 的详细信息到 ./ip-info/443/AL_info.csv
2025-10-10 02:05:21,361 - INFO - 保存 AT 的 5 个有效IP到 ./ip-info/443/AT.txt
2025-10-10 02:05:21,361 - INFO - 保存 AT 的详细信息到 ./ip-info/443/AT_info.csv
2025-10-10 02:05:21,362 - INFO - 保存 AU 的 6 个有效IP到 ./ip-info/443/AU.txt
2025-10-10 02:05:21,363 - INFO - 保存 AU 的详细信息到 ./ip-info/443/AU_info.csv
2025-10-10 02:05:21,363 - INFO - 保存 CA 的 76 个有效IP到 ./ip-info/443/CA.txt
2025-10-10 02:05:21,364 - INFO - 保存 CA 的详细信息到 ./ip-info/443/CA_info.csv
2025-10-10 02:05:21,365 - INFO - 保存 CH 的 8 个有效IP到 ./ip-info/443/CH.txt
2025-10-10 02:05:21,365 - INFO - 保存 CH 的详细信息到 ./ip-info/443/CH_info.csv
2025-10-10 02:05:21,366 - INFO - 保存 CY 的 1 个有效IP到 ./ip-info/443/CY.txt
2025-10-10 02:05:21,366 - INFO - 保存 CY 的详细信息到 ./ip-info/443/CY_info.csv
2025-10-10 02:05:21,367 - INFO - 保存 CZ 的 2 个有效IP到 ./ip-info/443/CZ.txt
2025-10-10 02:05:21,368 - INFO - 保存 CZ 的详细信息到 ./ip-info/443/CZ_info.csv
2025-10-10 02:05:21,369 - INFO - 保存 DE 的 946 个有效IP到 ./ip-info/443/DE.txt
2025-10-10 02:05:21,372 - INFO - 保存 DE 的详细信息到 ./ip-info/443/DE_info.csv
2025-10-10 02:05:21,372 - INFO - 保存 EE 的 2 个有效IP到 ./ip-info/443/EE.txt
2025-10-10 02:05:21,373 - INFO - 保存 EE 的详细信息到 ./ip-info/443/EE_info.csv
2025-10-10 02:05:21,373 - INFO - 保存 ES 的 4 个有效IP到 ./ip-info/443/ES.txt
2025-10-10 02:05:21,374 - INFO - 保存 ES 的详细信息到 ./ip-info/443/ES_info.csv
2025-10-10 02:05:21,375 - INFO - 保存 FI 的 154 个有效IP到 ./ip-info/443/FI.txt
2025-10-10 02:05:21,375 - INFO - 保存 FI 的详细信息到 ./ip-info/443/FI_info.csv
2025-10-10 02:05:21,376 - INFO - 保存 FR 的 106 个有效IP到 ./ip-info/443/FR.txt
2025-10-10 02:05:21,377 - INFO - 保存 FR 的详细信息到 ./ip-info/443/FR_info.csv
2025-10-10 02:05:21,378 - INFO - 保存 GB 的 170 个有效IP到 ./ip-info/443/GB.txt
2025-10-10 02:05:21,379 - INFO - 保存 GB 的详细信息到 ./ip-info/443/GB_info.csv
2025-10-10 02:05:21,379 - INFO - 保存 GR 的 3 个有效IP到 ./ip-info/443/GR.txt
2025-10-10 02:05:21,380 - INFO - 保存 GR 的详细信息到 ./ip-info/443/GR_info.csv
2025-10-10 02:05:21,380 - INFO - 保存 HK 的 7 个有效IP到 ./ip-info/443/HK.txt
2025-10-10 02:05:21,381 - INFO - 保存 HK 的详细信息到 ./ip-info/443/HK_info.csv
2025-10-10 02:05:21,382 - INFO - 保存 ID 的 6 个有效IP到 ./ip-info/443/ID.txt
2025-10-10 02:05:21,382 - INFO - 保存 ID 的详细信息到 ./ip-info/443/ID_info.csv
2025-10-10 02:05:21,383 - INFO - 保存 IN 的 3 个有效IP到 ./ip-info/443/IN.txt
2025-10-10 02:05:21,383 - INFO - 保存 IN 的详细信息到 ./ip-info/443/IN_info.csv
2025-10-10 02:05:21,384 - INFO - 保存 JP 的 38 个有效IP到 ./ip-info/443/JP.txt
2025-10-10 02:05:21,385 - INFO - 保存 JP 的详细信息到 ./ip-info/443/JP_info.csv
2025-10-10 02:05:21,385 - INFO - 保存 KG 的 1 个有效IP到 ./ip-info/443/KG.txt
2025-10-10 02:05:21,386 - INFO - 保存 KG 的详细信息到 ./ip-info/443/KG_info.csv
2025-10-10 02:05:21,387 - INFO - 保存 KR 的 55 个有效IP到 ./ip-info/443/KR.txt
2025-10-10 02:05:21,387 - INFO - 保存 KR 的详细信息到 ./ip-info/443/KR_info.csv
2025-10-10 02:05:21,388 - INFO - 保存 KZ 的 2 个有效IP到 ./ip-info/443/KZ.txt
2025-10-10 02:05:21,388 - INFO - 保存 KZ 的详细信息到 ./ip-info/443/KZ_info.csv
2025-10-10 02:05:21,389 - INFO - 保存 LV 的 7 个有效IP到 ./ip-info/443/LV.txt
2025-10-10 02:05:21,389 - INFO - 保存 LV 的详细信息到 ./ip-info/443/LV_info.csv
2025-10-10 02:05:21,390 - INFO - 保存 MY 的 1 个有效IP到 ./ip-info/443/MY.txt
2025-10-10 02:05:21,391 - INFO - 保存 MY 的详细信息到 ./ip-info/443/MY_info.csv
2025-10-10 02:05:21,391 - INFO - 保存 NL 的 314 个有效IP到 ./ip-info/443/NL.txt
2025-10-10 02:05:21,393 - INFO - 保存 NL 的详细信息到 ./ip-info/443/NL_info.csv
2025-10-10 02:05:21,393 - INFO - 保存 PL 的 8 个有效IP到 ./ip-info/443/PL.txt
2025-10-10 02:05:21,394 - INFO - 保存 PL 的详细信息到 ./ip-info/443/PL_info.csv
2025-10-10 02:05:21,395 - INFO - 保存 RU 的 14 个有效IP到 ./ip-info/443/RU.txt
2025-10-10 02:05:21,395 - INFO - 保存 RU 的详细信息到 ./ip-info/443/RU_info.csv
2025-10-10 02:05:21,396 - INFO - 保存 SE 的 13 个有效IP到 ./ip-info/443/SE.txt
2025-10-10 02:05:21,396 - INFO - 保存 SE 的详细信息到 ./ip-info/443/SE_info.csv
2025-10-10 02:05:21,397 - INFO - 保存 SG 的 63 个有效IP到 ./ip-info/443/SG.txt
2025-10-10 02:05:21,398 - INFO - 保存 SG 的详细信息到 ./ip-info/443/SG_info.csv
2025-10-10 02:05:21,398 - INFO - 保存 TH 的 1 个有效IP到 ./ip-info/443/TH.txt
2025-10-10 02:05:21,399 - INFO - 保存 TH 的详细信息到 ./ip-info/443/TH_info.csv
2025-10-10 02:05:21,399 - INFO - 保存 TR 的 3 个有效IP到 ./ip-info/443/TR.txt
2025-10-10 02:05:21,400 - INFO - 保存 TR 的详细信息到 ./ip-info/443/TR_info.csv
2025-10-10 02:05:21,401 - INFO - 保存 US 的 353 个有效IP到 ./ip-info/443/US.txt
2025-10-10 02:05:21,402 - INFO - 保存 US 的详细信息到 ./ip-info/443/US_info.csv
2025-10-10 02:05:21,402 - INFO - 已创建标记文件: ./ip-info/443/HK_marked.txt (包含 7 条记录)
2025-10-10 02:05:21,403 - INFO - 已创建标记文件: ./ip-info/443/JP_marked.txt (包含 10 条记录)
2025-10-10 02:05:21,403 - INFO - 已创建标记文件: ./ip-info/443/KR_marked.txt (包含 10 条记录)
2025-10-10 02:05:21,403 - INFO - 已创建标记文件: ./ip-info/443/SG_marked.txt (包含 10 条记录)
2025-10-10 02:05:21,403 - INFO - 已创建标记文件: ./ip-info/443/US_marked.txt (包含 10 条记录)
2025-10-10 02:05:21,403 - INFO - 端口 443 处理完成
2025-10-10 02:05:21,404 - INFO - 所有处理完成!
2025-10-10 02:35:49,775 - INFO - ==================================================
2025-10-10 02:35:49,775 - INFO - IP信息收集器启动
2025-10-10 02:35:49,775 - INFO - 配置参数:
2025-10-10 02:35:49,775 - INFO -   输入目录: ./ips/{port}/
2025-10-10 02:35:49,775 - INFO -   输出目录: ./ip-info/{port}/
2025-10-10 02:35:49,775 - INFO -   批处理大小: 100
2025-10-10 02:35:49,775 - INFO -   最大重试次数: 3
2025-10-10 02:35:49,775 - INFO -   工作线程数: 5
2025-10-10 02:35:49,775 - INFO -   处理国家: HK, JP, KR, SG, US
2025-10-10 02:35:49,776 - INFO -   每个国家最大记录数: 10
2025-10-10 02:35:49,776 - INFO -   处理端口: 443
2025-10-10 02:35:49,776 - INFO -   IP检测启用: True
2025-10-10 02:35:49,776 - INFO -   检测方法: port
2025-10-10 02:35:49,776 - INFO -   检测端口: 443
2025-10-10 02:35:49,776 - INFO -   检测超时: 2.0秒
2025-10-10 02:35:49,776 - INFO -   检测线程数: 50
2025-10-10 02:35:49,776 - INFO - ==================================================
2025-10-10 02:35:49,776 - INFO - 开始处理端口 443
2025-10-10 02:35:49,776 - INFO - 扫描端口 443 目录: ./ips/443/
2025-10-10 02:35:49,776 - INFO - 从 ./ips/443/ID.txt 读取了 6 个IP
2025-10-10 02:35:49,776 - INFO - 从 ./ips/443/AU.txt 读取了 8 个IP
2025-10-10 02:35:49,776 - INFO - 从 ./ips/443/CH.txt 读取了 41 个IP
2025-10-10 02:35:49,777 - INFO - 从 ./ips/443/CA.txt 读取了 120 个IP
2025-10-10 02:35:49,777 - INFO - 从 ./ips/443/ES.txt 读取了 9 个IP
2025-10-10 02:35:49,777 - INFO - 从 ./ips/443/NL.txt 读取了 511 个IP
2025-10-10 02:35:49,777 - INFO - 从 ./ips/443/SE.txt 读取了 178 个IP
2025-10-10 02:35:49,777 - INFO - 从 ./ips/443/IN.txt 读取了 3 个IP
2025-10-10 02:35:49,777 - INFO - 从 ./ips/443/TH.txt 读取了 1 个IP
2025-10-10 02:35:49,778 - INFO - 从 ./ips/443/FR.txt 读取了 163 个IP
2025-10-10 02:35:49,778 - INFO - 从 ./ips/443/GB.txt 读取了 235 个IP
2025-10-10 02:35:49,778 - INFO - 从 ./ips/443/RS.txt 读取了 1 个IP
2025-10-10 02:35:49,778 - INFO - 从 ./ips/443/EE.txt 读取了 31 个IP
2025-10-10 02:35:49,778 - INFO - 从 ./ips/443/PL.txt 读取了 20 个IP
2025-10-10 02:35:49,778 - INFO - 从 ./ips/443/BE.txt 读取了 1 个IP
2025-10-10 02:35:49,778 - INFO - 从 ./ips/443/CZ.txt 读取了 2 个IP
2025-10-10 02:35:49,778 - INFO - 从 ./ips/443/BG.txt 读取了 6 个IP
2025-10-10 02:35:49,778 - INFO - 从 ./ips/443/LV.txt 读取了 8 个IP
2025-10-10 02:35:49,779 - INFO - 从 ./ips/443/FRU.txt 读取了 1 个IP
2025-10-10 02:35:49,779 - INFO - 从 ./ips/443/TR.txt 读取了 4 个IP
2025-10-10 02:35:49,779 - INFO - 从 ./ips/443/ALL.txt 读取了 3839 个IP
2025-10-10 02:35:49,780 - INFO - 从 ./ips/443/JP.txt 读取了 75 个IP
2025-10-10 02:35:49,780 - INFO - 从 ./ips/443/KR.txt 读取了 42 个IP
2025-10-10 02:35:49,780 - INFO - 从 ./ips/443/CL.txt 读取了 1 个IP
2025-10-10 02:35:49,780 - INFO - 从 ./ips/443/SG.txt 读取了 317 个IP
2025-10-10 02:35:49,780 - INFO - 从 ./ips/443/BR.txt 读取了 2 个IP
2025-10-10 02:35:49,780 - INFO - 从 ./ips/443/HK.txt 读取了 11 个IP
2025-10-10 02:35:49,780 - INFO - 从 ./ips/443/IL.txt 读取了 1 个IP
2025-10-10 02:35:49,780 - INFO - 从 ./ips/443/RU.txt 读取了 6 个IP
2025-10-10 02:35:49,781 - INFO - 从 ./ips/443/DE.txt 读取了 1405 个IP
2025-10-10 02:35:49,781 - INFO - 从 ./ips/443/IT.txt 读取了 14 个IP
2025-10-10 02:35:49,781 - INFO - 从 ./ips/443/MY.txt 读取了 3 个IP
2025-10-10 02:35:49,781 - INFO - 从 ./ips/443/US.txt 读取了 578 个IP
2025-10-10 02:35:49,781 - INFO - 从 ./ips/443/FI.txt 读取了 37 个IP
2025-10-10 02:35:49,782 - INFO - 收集到 7680 个IP地址，去重后: 3839
2025-10-10 02:35:50,116 - WARNING - API速率受限，等待 10 秒后重试...
2025-10-10 02:35:50,122 - WARNING - API速率受限，等待 10 秒后重试...
2025-10-10 02:35:50,127 - WARNING - API速率受限，等待 10 秒后重试...
2025-10-10 02:35:50,158 - WARNING - API速率受限，等待 10 秒后重试...
2025-10-10 02:35:50,168 - WARNING - API速率受限，等待 10 秒后重试...
2025-10-10 02:36:00,149 - WARNING - API速率受限，等待 20 秒后重试...
2025-10-10 02:36:00,150 - WARNING - API速率受限，等待 20 秒后重试...
2025-10-10 02:36:00,161 - WARNING - API速率受限，等待 20 秒后重试...
2025-10-10 02:36:00,185 - WARNING - API速率受限，等待 20 秒后重试...
2025-10-10 02:36:00,211 - WARNING - API速率受限，等待 20 秒后重试...
2025-10-10 02:36:20,188 - WARNING - API速率受限，等待 30 秒后重试...
2025-10-10 02:36:20,203 - WARNING - API速率受限，等待 30 秒后重试...
2025-10-10 02:36:20,214 - WARNING - API速率受限，等待 30 秒后重试...
2025-10-10 02:36:20,221 - WARNING - API速率受限，等待 30 秒后重试...
2025-10-10 02:36:20,244 - WARNING - API速率受限，等待 30 秒后重试...
2025-10-10 02:36:50,218 - ERROR - 经过 3 次重试后仍失败
2025-10-10 02:36:50,224 - ERROR - 经过 3 次重试后仍失败
2025-10-10 02:36:50,237 - WARNING - API速率受限，等待 10 秒后重试...
2025-10-10 02:36:50,244 - ERROR - 经过 3 次重试后仍失败
2025-10-10 02:36:50,250 - ERROR - 经过 3 次重试后仍失败
2025-10-10 02:36:50,251 - ERROR - 经过 3 次重试后仍失败
2025-10-10 02:36:50,258 - WARNING - API速率受限，等待 10 秒后重试...
2025-10-10 02:36:50,268 - WARNING - API速率受限，等待 10 秒后重试...
2025-10-10 02:36:50,268 - ERROR - 请求错误: ('Connection aborted.', RemoteDisconnected('Remote end closed connection without response'))
2025-10-10 02:36:50,277 - WARNING - API速率受限，等待 10 秒后重试...
2025-10-10 02:37:00,280 - WARNING - API速率受限，等待 20 秒后重试...
2025-10-10 02:37:00,305 - WARNING - API速率受限，等待 20 秒后重试...
2025-10-10 02:37:00,311 - WARNING - API速率受限，等待 20 秒后重试...
2025-10-10 02:37:00,330 - WARNING - API速率受限，等待 20 秒后重试...
2025-10-10 02:37:20,319 - WARNING - API速率受限，等待 30 秒后重试...
2025-10-10 02:37:20,337 - WARNING - API速率受限，等待 30 秒后重试...
2025-10-10 02:37:20,352 - WARNING - API速率受限，等待 30 秒后重试...
2025-10-10 02:37:20,384 - WARNING - API速率受限，等待 30 秒后重试...
2025-10-10 02:37:50,350 - ERROR - 经过 3 次重试后仍失败
2025-10-10 02:37:50,359 - ERROR - 经过 3 次重试后仍失败
2025-10-10 02:37:50,367 - ERROR - 经过 3 次重试后仍失败
2025-10-10 02:37:50,414 - ERROR - 经过 3 次重试后仍失败
2025-10-10 02:37:50,418 - INFO - 开始检测 2939 个IP的可用性 (方法: port)
2025-10-10 02:38:19,016 - INFO - 有效IP数量: 2330/2939
2025-10-10 02:38:19,019 - INFO - 保存 AL 的 7 个有效IP到 ./ip-info/443/AL.txt
2025-10-10 02:38:19,019 - INFO - 保存 AL 的详细信息到 ./ip-info/443/AL_info.csv
2025-10-10 02:38:19,020 - INFO - 保存 AT 的 4 个有效IP到 ./ip-info/443/AT.txt
2025-10-10 02:38:19,021 - INFO - 保存 AT 的详细信息到 ./ip-info/443/AT_info.csv
2025-10-10 02:38:19,021 - INFO - 保存 AU 的 7 个有效IP到 ./ip-info/443/AU.txt
2025-10-10 02:38:19,022 - INFO - 保存 AU 的详细信息到 ./ip-info/443/AU_info.csv
2025-10-10 02:38:19,022 - INFO - 保存 BR 的 1 个有效IP到 ./ip-info/443/BR.txt
2025-10-10 02:38:19,023 - INFO - 保存 BR 的详细信息到 ./ip-info/443/BR_info.csv
2025-10-10 02:38:19,023 - INFO - 保存 CA 的 74 个有效IP到 ./ip-info/443/CA.txt
2025-10-10 02:38:19,024 - INFO - 保存 CA 的详细信息到 ./ip-info/443/CA_info.csv
2025-10-10 02:38:19,025 - INFO - 保存 CH 的 7 个有效IP到 ./ip-info/443/CH.txt
2025-10-10 02:38:19,025 - INFO - 保存 CH 的详细信息到 ./ip-info/443/CH_info.csv
2025-10-10 02:38:19,026 - INFO - 保存 CZ 的 2 个有效IP到 ./ip-info/443/CZ.txt
2025-10-10 02:38:19,026 - INFO - 保存 CZ 的详细信息到 ./ip-info/443/CZ_info.csv
2025-10-10 02:38:19,027 - INFO - 保存 DE 的 957 个有效IP到 ./ip-info/443/DE.txt
2025-10-10 02:38:19,030 - INFO - 保存 DE 的详细信息到 ./ip-info/443/DE_info.csv
2025-10-10 02:38:19,031 - INFO - 保存 EE 的 1 个有效IP到 ./ip-info/443/EE.txt
2025-10-10 02:38:19,031 - INFO - 保存 EE 的详细信息到 ./ip-info/443/EE_info.csv
2025-10-10 02:38:19,032 - INFO - 保存 ES 的 3 个有效IP到 ./ip-info/443/ES.txt
2025-10-10 02:38:19,032 - INFO - 保存 ES 的详细信息到 ./ip-info/443/ES_info.csv
2025-10-10 02:38:19,033 - INFO - 保存 FI 的 147 个有效IP到 ./ip-info/443/FI.txt
2025-10-10 02:38:19,034 - INFO - 保存 FI 的详细信息到 ./ip-info/443/FI_info.csv
2025-10-10 02:38:19,035 - INFO - 保存 FR 的 105 个有效IP到 ./ip-info/443/FR.txt
2025-10-10 02:38:19,035 - INFO - 保存 FR 的详细信息到 ./ip-info/443/FR_info.csv
2025-10-10 02:38:19,036 - INFO - 保存 GB 的 138 个有效IP到 ./ip-info/443/GB.txt
2025-10-10 02:38:19,037 - INFO - 保存 GB 的详细信息到 ./ip-info/443/GB_info.csv
2025-10-10 02:38:19,037 - INFO - 保存 GR 的 4 个有效IP到 ./ip-info/443/GR.txt
2025-10-10 02:38:19,038 - INFO - 保存 GR 的详细信息到 ./ip-info/443/GR_info.csv
2025-10-10 02:38:19,038 - INFO - 保存 HK 的 9 个有效IP到 ./ip-info/443/HK.txt
2025-10-10 02:38:19,039 - INFO - 保存 HK 的详细信息到 ./ip-info/443/HK_info.csv
2025-10-10 02:38:19,040 - INFO - 保存 ID 的 4 个有效IP到 ./ip-info/443/ID.txt
2025-10-10 02:38:19,040 - INFO - 保存 ID 的详细信息到 ./ip-info/443/ID_info.csv
2025-10-10 02:38:19,041 - INFO - 保存 IL 的 1 个有效IP到 ./ip-info/443/IL.txt
2025-10-10 02:38:19,041 - INFO - 保存 IL 的详细信息到 ./ip-info/443/IL_info.csv
2025-10-10 02:38:19,042 - INFO - 保存 IN 的 2 个有效IP到 ./ip-info/443/IN.txt
2025-10-10 02:38:19,042 - INFO - 保存 IN 的详细信息到 ./ip-info/443/IN_info.csv
2025-10-10 02:38:19,043 - INFO - 保存 JP 的 37 个有效IP到 ./ip-info/443/JP.txt
2025-10-10 02:38:19,044 - INFO - 保存 JP 的详细信息到 ./ip-info/443/JP_info.csv
2025-10-10 02:38:19,044 - INFO - 保存 KR 的 52 个有效IP到 ./ip-info/443/KR.txt
2025-10-10 02:38:19,045 - INFO - 保存 KR 的详细信息到 ./ip-info/443/KR_info.csv
2025-10-10 02:38:19,045 - INFO - 保存 KZ 的 2 个有效IP到 ./ip-info/443/KZ.txt
2025-10-10 02:38:19,046 - INFO - 保存 KZ 的详细信息到 ./ip-info/443/KZ_info.csv
2025-10-10 02:38:19,047 - INFO - 保存 LV 的 6 个有效IP到 ./ip-info/443/LV.txt
2025-10-10 02:38:19,047 - INFO - 保存 LV 的详细信息到 ./ip-info/443/LV_info.csv
2025-10-10 02:38:19,048 - INFO - 保存 MY 的 2 个有效IP到 ./ip-info/443/MY.txt
2025-10-10 02:38:19,048 - INFO - 保存 MY 的详细信息到 ./ip-info/443/MY_info.csv
2025-10-10 02:38:19,049 - INFO - 保存 NL 的 304 个有效IP到 ./ip-info/443/NL.txt
2025-10-10 02:38:19,050 - INFO - 保存 NL 的详细信息到 ./ip-info/443/NL_info.csv
2025-10-10 02:38:19,051 - INFO - 保存 PL 的 8 个有效IP到 ./ip-info/443/PL.txt
2025-10-10 02:38:19,051 - INFO - 保存 PL 的详细信息到 ./ip-info/443/PL_info.csv
2025-10-10 02:38:19,052 - INFO - 保存 RU 的 14 个有效IP到 ./ip-info/443/RU.txt
2025-10-10 02:38:19,052 - INFO - 保存 RU 的详细信息到 ./ip-info/443/RU_info.csv
2025-10-10 02:38:19,053 - INFO - 保存 SE 的 13 个有效IP到 ./ip-info/443/SE.txt
2025-10-10 02:38:19,053 - INFO - 保存 SE 的详细信息到 ./ip-info/443/SE_info.csv
2025-10-10 02:38:19,054 - INFO - 保存 SG 的 66 个有效IP到 ./ip-info/443/SG.txt
2025-10-10 02:38:19,055 - INFO - 保存 SG 的详细信息到 ./ip-info/443/SG_info.csv
2025-10-10 02:38:19,055 - INFO - 保存 TH 的 1 个有效IP到 ./ip-info/443/TH.txt
2025-10-10 02:38:19,056 - INFO - 保存 TH 的详细信息到 ./ip-info/443/TH_info.csv
2025-10-10 02:38:19,056 - INFO - 保存 TR 的 2 个有效IP到 ./ip-info/443/TR.txt
2025-10-10 02:38:19,057 - INFO - 保存 TR 的详细信息到 ./ip-info/443/TR_info.csv
2025-10-10 02:38:19,058 - INFO - 保存 US 的 350 个有效IP到 ./ip-info/443/US.txt
2025-10-10 02:38:19,059 - INFO - 保存 US 的详细信息到 ./ip-info/443/US_info.csv
2025-10-10 02:38:19,059 - INFO - 已创建标记文件: ./ip-info/443/HK_marked.txt (包含 9 条记录)
2025-10-10 02:38:19,060 - INFO - 已创建标记文件: ./ip-info/443/JP_marked.txt (包含 10 条记录)
2025-10-10 02:38:19,060 - INFO - 已创建标记文件: ./ip-info/443/KR_marked.txt (包含 10 条记录)
2025-10-10 02:38:19,060 - INFO - 已创建标记文件: ./ip-info/443/SG_marked.txt (包含 10 条记录)
2025-10-10 02:38:19,060 - INFO - 已创建标记文件: ./ip-info/443/US_marked.txt (包含 10 条记录)
2025-10-10 02:38:19,060 - INFO - 端口 443 处理完成
2025-10-10 02:38:19,061 - INFO - 所有处理完成!
2025-10-10 03:00:16,998 - INFO - ==================================================
2025-10-10 03:00:16,998 - INFO - IP信息收集器启动
2025-10-10 03:00:16,999 - INFO - 配置参数:
2025-10-10 03:00:16,999 - INFO -   输入目录: ./ips/{port}/
2025-10-10 03:00:16,999 - INFO -   输出目录: ./ip-info/{port}/
2025-10-10 03:00:16,999 - INFO -   批处理大小: 100
2025-10-10 03:00:16,999 - INFO -   最大重试次数: 3
2025-10-10 03:00:16,999 - INFO -   工作线程数: 5
2025-10-10 03:00:16,999 - INFO -   处理国家: HK, JP, KR, SG, US
2025-10-10 03:00:16,999 - INFO -   每个国家最大记录数: 10
2025-10-10 03:00:16,999 - INFO -   处理端口: 443
2025-10-10 03:00:16,999 - INFO -   IP检测启用: True
2025-10-10 03:00:16,999 - INFO -   检测方法: port
2025-10-10 03:00:16,999 - INFO -   检测端口: 443
2025-10-10 03:00:16,999 - INFO -   检测超时: 2.0秒
2025-10-10 03:00:16,999 - INFO -   检测线程数: 50
2025-10-10 03:00:16,999 - INFO - ==================================================
2025-10-10 03:00:16,999 - INFO - 开始处理端口 443
2025-10-10 03:00:16,999 - INFO - 扫描端口 443 目录: ./ips/443/
2025-10-10 03:00:17,000 - INFO - 从 ./ips/443/ID.txt 读取了 6 个IP
2025-10-10 03:00:17,000 - INFO - 从 ./ips/443/AU.txt 读取了 8 个IP
2025-10-10 03:00:17,000 - INFO - 从 ./ips/443/CH.txt 读取了 41 个IP
2025-10-10 03:00:17,000 - INFO - 从 ./ips/443/CA.txt 读取了 120 个IP
2025-10-10 03:00:17,000 - INFO - 从 ./ips/443/ES.txt 读取了 9 个IP
2025-10-10 03:00:17,000 - INFO - 从 ./ips/443/NL.txt 读取了 511 个IP
2025-10-10 03:00:17,001 - INFO - 从 ./ips/443/SE.txt 读取了 178 个IP
2025-10-10 03:00:17,001 - INFO - 从 ./ips/443/IN.txt 读取了 3 个IP
2025-10-10 03:00:17,001 - INFO - 从 ./ips/443/TH.txt 读取了 1 个IP
2025-10-10 03:00:17,001 - INFO - 从 ./ips/443/FR.txt 读取了 163 个IP
2025-10-10 03:00:17,001 - INFO - 从 ./ips/443/GB.txt 读取了 235 个IP
2025-10-10 03:00:17,001 - INFO - 从 ./ips/443/RS.txt 读取了 1 个IP
2025-10-10 03:00:17,001 - INFO - 从 ./ips/443/EE.txt 读取了 31 个IP
2025-10-10 03:00:17,001 - INFO - 从 ./ips/443/PL.txt 读取了 20 个IP
2025-10-10 03:00:17,001 - INFO - 从 ./ips/443/BE.txt 读取了 1 个IP
2025-10-10 03:00:17,002 - INFO - 从 ./ips/443/CZ.txt 读取了 2 个IP
2025-10-10 03:00:17,002 - INFO - 从 ./ips/443/BG.txt 读取了 6 个IP
2025-10-10 03:00:17,002 - INFO - 从 ./ips/443/LV.txt 读取了 8 个IP
2025-10-10 03:00:17,002 - INFO - 从 ./ips/443/FRU.txt 读取了 1 个IP
2025-10-10 03:00:17,002 - INFO - 从 ./ips/443/TR.txt 读取了 4 个IP
2025-10-10 03:00:17,003 - INFO - 从 ./ips/443/ALL.txt 读取了 3839 个IP
2025-10-10 03:00:17,003 - INFO - 从 ./ips/443/JP.txt 读取了 75 个IP
2025-10-10 03:00:17,003 - INFO - 从 ./ips/443/KR.txt 读取了 42 个IP
2025-10-10 03:00:17,003 - INFO - 从 ./ips/443/CL.txt 读取了 1 个IP
2025-10-10 03:00:17,003 - INFO - 从 ./ips/443/SG.txt 读取了 317 个IP
2025-10-10 03:00:17,003 - INFO - 从 ./ips/443/BR.txt 读取了 2 个IP
2025-10-10 03:00:17,003 - INFO - 从 ./ips/443/HK.txt 读取了 11 个IP
2025-10-10 03:00:17,004 - INFO - 从 ./ips/443/IL.txt 读取了 1 个IP
2025-10-10 03:00:17,004 - INFO - 从 ./ips/443/RU.txt 读取了 6 个IP
2025-10-10 03:00:17,004 - INFO - 从 ./ips/443/DE.txt 读取了 1405 个IP
2025-10-10 03:00:17,004 - INFO - 从 ./ips/443/IT.txt 读取了 14 个IP
2025-10-10 03:00:17,004 - INFO - 从 ./ips/443/MY.txt 读取了 3 个IP
2025-10-10 03:00:17,004 - INFO - 从 ./ips/443/US.txt 读取了 578 个IP
2025-10-10 03:00:17,005 - INFO - 从 ./ips/443/FI.txt 读取了 37 个IP
2025-10-10 03:00:17,005 - INFO - 收集到 7680 个IP地址，去重后: 3839
2025-10-10 03:00:17,290 - WARNING - API速率受限，等待 10 秒后重试...
2025-10-10 03:00:17,298 - WARNING - API速率受限，等待 10 秒后重试...
2025-10-10 03:00:17,300 - WARNING - API速率受限，等待 10 秒后重试...
2025-10-10 03:00:17,301 - WARNING - API速率受限，等待 10 秒后重试...
2025-10-10 03:00:17,303 - WARNING - API速率受限，等待 10 秒后重试...
2025-10-10 03:00:27,323 - WARNING - API速率受限，等待 20 秒后重试...
2025-10-10 03:00:27,326 - WARNING - API速率受限，等待 20 秒后重试...
2025-10-10 03:00:27,331 - WARNING - API速率受限，等待 20 秒后重试...
2025-10-10 03:00:27,331 - WARNING - API速率受限，等待 20 秒后重试...
2025-10-10 03:00:27,332 - WARNING - API速率受限，等待 20 秒后重试...
2025-10-10 03:00:47,356 - WARNING - API速率受限，等待 30 秒后重试...
2025-10-10 03:00:47,358 - WARNING - API速率受限，等待 30 秒后重试...
2025-10-10 03:00:47,359 - WARNING - API速率受限，等待 30 秒后重试...
2025-10-10 03:00:47,361 - WARNING - API速率受限，等待 30 秒后重试...
2025-10-10 03:00:47,361 - WARNING - API速率受限，等待 30 秒后重试...
2025-10-10 03:01:17,385 - ERROR - 经过 3 次重试后仍失败
2025-10-10 03:01:17,386 - ERROR - 经过 3 次重试后仍失败
2025-10-10 03:01:17,386 - ERROR - 经过 3 次重试后仍失败
2025-10-10 03:01:17,387 - ERROR - 经过 3 次重试后仍失败
2025-10-10 03:01:17,387 - ERROR - 经过 3 次重试后仍失败
2025-10-10 03:01:17,404 - WARNING - API速率受限，等待 10 秒后重试...
2025-10-10 03:01:17,407 - WARNING - API速率受限，等待 10 秒后重试...
2025-10-10 03:01:17,407 - WARNING - API速率受限，等待 10 秒后重试...
2025-10-10 03:01:17,412 - WARNING - API速率受限，等待 10 秒后重试...
2025-10-10 03:01:17,412 - WARNING - API速率受限，等待 10 秒后重试...
2025-10-10 03:01:27,513 - WARNING - API速率受限，等待 10 秒后重试...
2025-10-10 03:01:27,513 - WARNING - API速率受限，等待 10 秒后重试...
2025-10-10 03:01:27,517 - WARNING - API速率受限，等待 10 秒后重试...
2025-10-10 03:01:27,518 - WARNING - API速率受限，等待 10 秒后重试...
2025-10-10 03:01:37,534 - WARNING - API速率受限，等待 20 秒后重试...
2025-10-10 03:01:37,536 - WARNING - API速率受限，等待 20 秒后重试...
2025-10-10 03:01:37,538 - WARNING - API速率受限，等待 20 秒后重试...
2025-10-10 03:01:37,544 - WARNING - API速率受限，等待 20 秒后重试...
2025-10-10 03:01:57,550 - WARNING - API速率受限，等待 30 秒后重试...
2025-10-10 03:01:57,566 - WARNING - API速率受限，等待 30 秒后重试...
2025-10-10 03:01:57,567 - ERROR - 请求错误: ('Connection aborted.', ConnectionResetError(104, 'Connection reset by peer'))
2025-10-10 03:01:57,573 - ERROR - 请求错误: ('Connection aborted.', ConnectionResetError(104, 'Connection reset by peer'))
2025-10-10 03:01:59,569 - ERROR - 经过 3 次重试后仍失败
2025-10-10 03:01:59,575 - ERROR - 经过 3 次重试后仍失败
2025-10-10 03:02:27,569 - ERROR - 经过 3 次重试后仍失败
2025-10-10 03:02:27,580 - ERROR - 经过 3 次重试后仍失败
2025-10-10 03:02:27,584 - INFO - 开始检测 3000 个IP的可用性 (方法: port)
2025-10-10 03:02:59,954 - INFO - 有效IP数量: 2339/3000
2025-10-10 03:02:59,957 - INFO - 保存 AL 的 6 个有效IP到 ./ip-info/443/AL.txt
2025-10-10 03:02:59,958 - INFO - 保存 AL 的详细信息到 ./ip-info/443/AL_info.csv
2025-10-10 03:02:59,958 - INFO - 保存 AT 的 4 个有效IP到 ./ip-info/443/AT.txt
2025-10-10 03:02:59,959 - INFO - 保存 AT 的详细信息到 ./ip-info/443/AT_info.csv
2025-10-10 03:02:59,960 - INFO - 保存 AU 的 6 个有效IP到 ./ip-info/443/AU.txt
2025-10-10 03:02:59,960 - INFO - 保存 AU 的详细信息到 ./ip-info/443/AU_info.csv
2025-10-10 03:02:59,961 - INFO - 保存 BR 的 1 个有效IP到 ./ip-info/443/BR.txt
2025-10-10 03:02:59,961 - INFO - 保存 BR 的详细信息到 ./ip-info/443/BR_info.csv
2025-10-10 03:02:59,962 - INFO - 保存 CA 的 73 个有效IP到 ./ip-info/443/CA.txt
2025-10-10 03:02:59,962 - INFO - 保存 CA 的详细信息到 ./ip-info/443/CA_info.csv
2025-10-10 03:02:59,963 - INFO - 保存 CH 的 9 个有效IP到 ./ip-info/443/CH.txt
2025-10-10 03:02:59,964 - INFO - 保存 CH 的详细信息到 ./ip-info/443/CH_info.csv
2025-10-10 03:02:59,965 - INFO - 保存 DE 的 970 个有效IP到 ./ip-info/443/DE.txt
2025-10-10 03:02:59,967 - INFO - 保存 DE 的详细信息到 ./ip-info/443/DE_info.csv
2025-10-10 03:02:59,968 - INFO - 保存 EE 的 2 个有效IP到 ./ip-info/443/EE.txt
2025-10-10 03:02:59,968 - INFO - 保存 EE 的详细信息到 ./ip-info/443/EE_info.csv
2025-10-10 03:02:59,969 - INFO - 保存 ES 的 3 个有效IP到 ./ip-info/443/ES.txt
2025-10-10 03:02:59,970 - INFO - 保存 ES 的详细信息到 ./ip-info/443/ES_info.csv
2025-10-10 03:02:59,970 - INFO - 保存 FI 的 156 个有效IP到 ./ip-info/443/FI.txt
2025-10-10 03:02:59,971 - INFO - 保存 FI 的详细信息到 ./ip-info/443/FI_info.csv
2025-10-10 03:02:59,972 - INFO - 保存 FR 的 108 个有效IP到 ./ip-info/443/FR.txt
2025-10-10 03:02:59,972 - INFO - 保存 FR 的详细信息到 ./ip-info/443/FR_info.csv
2025-10-10 03:02:59,973 - INFO - 保存 GB 的 138 个有效IP到 ./ip-info/443/GB.txt
2025-10-10 03:02:59,974 - INFO - 保存 GB 的详细信息到 ./ip-info/443/GB_info.csv
2025-10-10 03:02:59,975 - INFO - 保存 GR 的 4 个有效IP到 ./ip-info/443/GR.txt
2025-10-10 03:02:59,975 - INFO - 保存 GR 的详细信息到 ./ip-info/443/GR_info.csv
2025-10-10 03:02:59,976 - INFO - 保存 HK 的 10 个有效IP到 ./ip-info/443/HK.txt
2025-10-10 03:02:59,976 - INFO - 保存 HK 的详细信息到 ./ip-info/443/HK_info.csv
2025-10-10 03:02:59,977 - INFO - 保存 ID 的 5 个有效IP到 ./ip-info/443/ID.txt
2025-10-10 03:02:59,977 - INFO - 保存 ID 的详细信息到 ./ip-info/443/ID_info.csv
2025-10-10 03:02:59,978 - INFO - 保存 IL 的 1 个有效IP到 ./ip-info/443/IL.txt
2025-10-10 03:02:59,978 - INFO - 保存 IL 的详细信息到 ./ip-info/443/IL_info.csv
2025-10-10 03:02:59,979 - INFO - 保存 IN 的 2 个有效IP到 ./ip-info/443/IN.txt
2025-10-10 03:02:59,980 - INFO - 保存 IN 的详细信息到 ./ip-info/443/IN_info.csv
2025-10-10 03:02:59,980 - INFO - 保存 JP 的 29 个有效IP到 ./ip-info/443/JP.txt
2025-10-10 03:02:59,981 - INFO - 保存 JP 的详细信息到 ./ip-info/443/JP_info.csv
2025-10-10 03:02:59,981 - INFO - 保存 KR 的 55 个有效IP到 ./ip-info/443/KR.txt
2025-10-10 03:02:59,982 - INFO - 保存 KR 的详细信息到 ./ip-info/443/KR_info.csv
2025-10-10 03:02:59,983 - INFO - 保存 KZ 的 2 个有效IP到 ./ip-info/443/KZ.txt
2025-10-10 03:02:59,983 - INFO - 保存 KZ 的详细信息到 ./ip-info/443/KZ_info.csv
2025-10-10 03:02:59,984 - INFO - 保存 LV 的 6 个有效IP到 ./ip-info/443/LV.txt
2025-10-10 03:02:59,984 - INFO - 保存 LV 的详细信息到 ./ip-info/443/LV_info.csv
2025-10-10 03:02:59,985 - INFO - 保存 MY 的 3 个有效IP到 ./ip-info/443/MY.txt
2025-10-10 03:02:59,985 - INFO - 保存 MY 的详细信息到 ./ip-info/443/MY_info.csv
2025-10-10 03:02:59,986 - INFO - 保存 NL 的 278 个有效IP到 ./ip-info/443/NL.txt
2025-10-10 03:02:59,987 - INFO - 保存 NL 的详细信息到 ./ip-info/443/NL_info.csv
2025-10-10 03:02:59,988 - INFO - 保存 PL 的 7 个有效IP到 ./ip-info/443/PL.txt
2025-10-10 03:02:59,988 - INFO - 保存 PL 的详细信息到 ./ip-info/443/PL_info.csv
2025-10-10 03:02:59,989 - INFO - 保存 RU 的 14 个有效IP到 ./ip-info/443/RU.txt
2025-10-10 03:02:59,989 - INFO - 保存 RU 的详细信息到 ./ip-info/443/RU_info.csv
2025-10-10 03:02:59,990 - INFO - 保存 SE 的 15 个有效IP到 ./ip-info/443/SE.txt
2025-10-10 03:02:59,991 - INFO - 保存 SE 的详细信息到 ./ip-info/443/SE_info.csv
2025-10-10 03:02:59,991 - INFO - 保存 SG 的 66 个有效IP到 ./ip-info/443/SG.txt
2025-10-10 03:02:59,992 - INFO - 保存 SG 的详细信息到 ./ip-info/443/SG_info.csv
2025-10-10 03:02:59,992 - INFO - 保存 TH 的 1 个有效IP到 ./ip-info/443/TH.txt
2025-10-10 03:02:59,993 - INFO - 保存 TH 的详细信息到 ./ip-info/443/TH_info.csv
2025-10-10 03:02:59,994 - INFO - 保存 TR 的 2 个有效IP到 ./ip-info/443/TR.txt
2025-10-10 03:02:59,994 - INFO - 保存 TR 的详细信息到 ./ip-info/443/TR_info.csv
2025-10-10 03:02:59,995 - INFO - 保存 US 的 363 个有效IP到 ./ip-info/443/US.txt
2025-10-10 03:02:59,996 - INFO - 保存 US 的详细信息到 ./ip-info/443/US_info.csv
2025-10-10 03:02:59,996 - INFO - 已创建标记文件: ./ip-info/443/HK_marked.txt (包含 10 条记录)
2025-10-10 03:02:59,997 - INFO - 已创建标记文件: ./ip-info/443/JP_marked.txt (包含 10 条记录)
2025-10-10 03:02:59,997 - INFO - 已创建标记文件: ./ip-info/443/KR_marked.txt (包含 10 条记录)
2025-10-10 03:02:59,997 - INFO - 已创建标记文件: ./ip-info/443/SG_marked.txt (包含 10 条记录)
2025-10-10 03:02:59,997 - INFO - 已创建标记文件: ./ip-info/443/US_marked.txt (包含 10 条记录)
2025-10-10 03:02:59,997 - INFO - 端口 443 处理完成
2025-10-10 03:02:59,998 - INFO - 所有处理完成!
